
=== Sun Nov 26 16:14:32 2023

Packages were changed.
Update Mode: mergeDefaultDependencies

The following packages were added:
  com.unity.modules.ai@1.0.0
  com.unity.modules.androidjni@1.0.0
  com.unity.modules.animation@1.0.0
  com.unity.modules.assetbundle@1.0.0
  com.unity.modules.audio@1.0.0
  com.unity.modules.cloth@1.0.0
  com.unity.modules.director@1.0.0
  com.unity.modules.imageconversion@1.0.0
  com.unity.modules.imgui@1.0.0
  com.unity.modules.jsonserialize@1.0.0
  com.unity.modules.particlesystem@1.0.0
  com.unity.modules.physics@1.0.0
  com.unity.modules.physics2d@1.0.0
  com.unity.modules.screencapture@1.0.0
  com.unity.modules.terrain@1.0.0
  com.unity.modules.terrainphysics@1.0.0
  com.unity.modules.tilemap@1.0.0
  com.unity.modules.ui@1.0.0
  com.unity.modules.uielements@1.0.0
  com.unity.modules.umbra@1.0.0
  com.unity.modules.unityanalytics@1.0.0
  com.unity.modules.unitywebrequest@1.0.0
  com.unity.modules.unitywebrequestassetbundle@1.0.0
  com.unity.modules.unitywebrequestaudio@1.0.0
  com.unity.modules.unitywebrequesttexture@1.0.0
  com.unity.modules.unitywebrequestwww@1.0.0
  com.unity.modules.vehicles@1.0.0
  com.unity.modules.video@1.0.0
  com.unity.modules.vr@1.0.0
  com.unity.modules.wind@1.0.0
  com.unity.modules.xr@1.0.0
The following packages were updated:
  com.unity.collab-proxy from version 2.0.0 to 2.0.7
  com.unity.feature.2d from version 1.0.0 to 2.0.0
  com.unity.ide.rider from version 3.0.18 to 3.0.24
  com.unity.ide.visualstudio from version 2.0.17 to 2.0.18
  com.unity.timeline from version 1.7.3 to 1.7.5
  com.unity.visualscripting from version 1.8.0 to 1.9.0

=== Wed Nov 29 10:36:40 2023

Packages were changed.
Update Mode: resetToDefaultDependencies

The following packages were updated:
  com.unity.collab-proxy from version 2.0.7 to 1.17.2
  com.unity.ide.rider from version 3.0.24 to 2.0.7
  com.unity.ide.visualstudio from version 2.0.18 to 2.0.16
  com.unity.test-framework from version 1.1.33 to 1.1.31
  com.unity.timeline from version 1.7.5 to 1.4.8
The following packages were removed:
  com.unity.cinemachine@2.9.7
  com.unity.feature.2d@2.0.0
  com.unity.inputsystem@1.7.0
  com.unity.visualscripting@1.9.0

=== Thu Dec 21 22:28:35 2023

Packages were changed.
Update Mode: updateDependencies

The following packages were added:
  com.unity.ai.navigation@1.1.5
The following packages were updated:
  com.unity.2d.animation from version 5.2.7 to 9.0.4
  com.unity.2d.pixel-perfect from version 4.0.1 to 5.0.3
  com.unity.2d.psdimporter from version 4.3.1 to 8.0.2
  com.unity.cinemachine from version 2.6.17 to 2.9.5
  com.unity.collab-proxy from version 2.0.4 to 2.2.0
  com.unity.ide.rider from version 3.0.21 to 3.0.26
  com.unity.inputsystem from version 1.5.1 to 1.7.0
  com.unity.timeline from version 1.4.8 to 1.7.6

=== Mon Jan  1 22:48:08 2024

Packages were changed.
Update Mode: updateDependencies

The following packages were updated:
  com.unity.2d.psdimporter from version 8.0.2 to 8.0.3
  com.unity.ide.rider from version 3.0.26 to 3.0.27

=== Mon Dec 16 18:27:11 2024

Packages were changed.
Update Mode: updateDependencies

The following packages were updated:
  com.unity.2d.animation from version 9.0.4 to 9.1.3
  com.unity.2d.psdimporter from version 8.0.3 to 8.0.5
  com.unity.cinemachine from version 2.9.5 to 2.10.3
  com.unity.collab-proxy from version 2.2.0 to 2.5.2
  com.unity.ide.rider from version 3.0.27 to 3.0.34
  com.unity.inputsystem from version 1.7.0 to 1.11.2
  com.unity.textmeshpro from version 3.0.6 to 3.0.7
